Determining if the pthread_create exist failed with the following output:
Change Dir: /home/sumanth/PROJECT/drone_navigation/catkin_ws/build/CMakeFiles/CMakeTmp

Run Build Command:"/usr/bin/make" "cmTC_9a670/fast"
/usr/bin/make -f CMakeFiles/cmTC_9a670.dir/build.make CMakeFiles/cmTC_9a670.dir/build
make[1]: Entering directory '/home/sumanth/PROJECT/drone_navigation/catkin_ws/build/CMakeFiles/CMakeTmp'
Building C object CMakeFiles/cmTC_9a670.dir/CheckSymbolExists.c.o
/usr/bin/cc     -o CMakeFiles/cmTC_9a670.dir/CheckSymbolExists.c.o   -c /home/sumanth/PROJECT/drone_navigation/catkin_ws/build/CMakeFiles/CMakeTmp/CheckSymbolExists.c
Linking C executable cmTC_9a670
/usr/bin/cmake -E cmake_link_script CMakeFiles/cmTC_9a670.dir/link.txt --verbose=1
/usr/bin/cc       CMakeFiles/cmTC_9a670.dir/CheckSymbolExists.c.o  -o cmTC_9a670 -rdynamic 
CMakeFiles/cmTC_9a670.dir/CheckSymbolExists.c.o: In function `main':
CheckSymbolExists.c:(.text+0xa): undefined reference to `pthread_create'
collect2: error: ld returned 1 exit status
CMakeFiles/cmTC_9a670.dir/build.make:97: recipe for target 'cmTC_9a670' failed
make[1]: *** [cmTC_9a670] Error 1
make[1]: Leaving directory '/home/sumanth/PROJECT/drone_navigation/catkin_ws/build/CMakeFiles/CMakeTmp'
Makefile:126: recipe for target 'cmTC_9a670/fast' failed
make: *** [cmTC_9a670/fast] Error 2

File /home/sumanth/PROJECT/drone_navigation/catkin_ws/build/CMakeFiles/CMakeTmp/CheckSymbolExists.c:
/* */
#include <pthread.h>

int main(int argc, char** argv)
{
  (void)argv;
#ifndef pthread_create
  return ((int*)(&pthread_create))[argc];
#else
  (void)argc;
  return 0;
#endif
}

Determining if the function pthread_create exists in the pthreads failed with the following output:
Change Dir: /home/sumanth/PROJECT/drone_navigation/catkin_ws/build/CMakeFiles/CMakeTmp

Run Build Command:"/usr/bin/make" "cmTC_c9e53/fast"
/usr/bin/make -f CMakeFiles/cmTC_c9e53.dir/build.make CMakeFiles/cmTC_c9e53.dir/build
make[1]: Entering directory '/home/sumanth/PROJECT/drone_navigation/catkin_ws/build/CMakeFiles/CMakeTmp'
Building C object CMakeFiles/cmTC_c9e53.dir/CheckFunctionExists.c.o
/usr/bin/cc    -DCHECK_FUNCTION_EXISTS=pthread_create   -o CMakeFiles/cmTC_c9e53.dir/CheckFunctionExists.c.o   -c /usr/share/cmake-3.5/Modules/CheckFunctionExists.c
Linking C executable cmTC_c9e53
/usr/bin/cmake -E cmake_link_script CMakeFiles/cmTC_c9e53.dir/link.txt --verbose=1
/usr/bin/cc   -DCHECK_FUNCTION_EXISTS=pthread_create    CMakeFiles/cmTC_c9e53.dir/CheckFunctionExists.c.o  -o cmTC_c9e53 -rdynamic -lpthreads 
/usr/bin/ld: cannot find -lpthreads
collect2: error: ld returned 1 exit status
CMakeFiles/cmTC_c9e53.dir/build.make:97: recipe for target 'cmTC_c9e53' failed
make[1]: *** [cmTC_c9e53] Error 1
make[1]: Leaving directory '/home/sumanth/PROJECT/drone_navigation/catkin_ws/build/CMakeFiles/CMakeTmp'
Makefile:126: recipe for target 'cmTC_c9e53/fast' failed
make: *** [cmTC_c9e53/fast] Error 2


Determining if the Q_WS_WIN exist failed with the following output:
Change Dir: /home/sumanth/PROJECT/drone_navigation/catkin_ws/build/CMakeFiles/CMakeTmp

Run Build Command:"/usr/bin/make" "cmTC_79c3b/fast"
/usr/bin/make -f CMakeFiles/cmTC_79c3b.dir/build.make CMakeFiles/cmTC_79c3b.dir/build
make[1]: Entering directory '/home/sumanth/PROJECT/drone_navigation/catkin_ws/build/CMakeFiles/CMakeTmp'
Building CXX object CMakeFiles/cmTC_79c3b.dir/CheckSymbolExists.cxx.o
/usr/bin/c++    -I/usr/include/qt4   -o CMakeFiles/cmTC_79c3b.dir/CheckSymbolExists.cxx.o -c /home/sumanth/PROJECT/drone_navigation/catkin_ws/build/CMakeFiles/CMakeTmp/CheckSymbolExists.cxx
/home/sumanth/PROJECT/drone_navigation/catkin_ws/build/CMakeFiles/CMakeTmp/CheckSymbolExists.cxx: In function ‘int main(int, char**)’:
/home/sumanth/PROJECT/drone_navigation/catkin_ws/build/CMakeFiles/CMakeTmp/CheckSymbolExists.cxx:8:19: error: ‘Q_WS_WIN’ was not declared in this scope
   return ((int*)(&Q_WS_WIN))[argc];
                   ^
CMakeFiles/cmTC_79c3b.dir/build.make:65: recipe for target 'CMakeFiles/cmTC_79c3b.dir/CheckSymbolExists.cxx.o' failed
make[1]: *** [CMakeFiles/cmTC_79c3b.dir/CheckSymbolExists.cxx.o] Error 1
make[1]: Leaving directory '/home/sumanth/PROJECT/drone_navigation/catkin_ws/build/CMakeFiles/CMakeTmp'
Makefile:126: recipe for target 'cmTC_79c3b/fast' failed
make: *** [cmTC_79c3b/fast] Error 2

File /home/sumanth/PROJECT/drone_navigation/catkin_ws/build/CMakeFiles/CMakeTmp/CheckSymbolExists.cxx:
/* */
#include <QtCore/qglobal.h>

int main(int argc, char** argv)
{
  (void)argv;
#ifndef Q_WS_WIN
  return ((int*)(&Q_WS_WIN))[argc];
#else
  (void)argc;
  return 0;
#endif
}

Determining if the Q_WS_QWS exist failed with the following output:
Change Dir: /home/sumanth/PROJECT/drone_navigation/catkin_ws/build/CMakeFiles/CMakeTmp

Run Build Command:"/usr/bin/make" "cmTC_90737/fast"
/usr/bin/make -f CMakeFiles/cmTC_90737.dir/build.make CMakeFiles/cmTC_90737.dir/build
make[1]: Entering directory '/home/sumanth/PROJECT/drone_navigation/catkin_ws/build/CMakeFiles/CMakeTmp'
Building CXX object CMakeFiles/cmTC_90737.dir/CheckSymbolExists.cxx.o
/usr/bin/c++    -I/usr/include/qt4   -o CMakeFiles/cmTC_90737.dir/CheckSymbolExists.cxx.o -c /home/sumanth/PROJECT/drone_navigation/catkin_ws/build/CMakeFiles/CMakeTmp/CheckSymbolExists.cxx
/home/sumanth/PROJECT/drone_navigation/catkin_ws/build/CMakeFiles/CMakeTmp/CheckSymbolExists.cxx: In function ‘int main(int, char**)’:
/home/sumanth/PROJECT/drone_navigation/catkin_ws/build/CMakeFiles/CMakeTmp/CheckSymbolExists.cxx:8:19: error: ‘Q_WS_QWS’ was not declared in this scope
   return ((int*)(&Q_WS_QWS))[argc];
                   ^
CMakeFiles/cmTC_90737.dir/build.make:65: recipe for target 'CMakeFiles/cmTC_90737.dir/CheckSymbolExists.cxx.o' failed
make[1]: *** [CMakeFiles/cmTC_90737.dir/CheckSymbolExists.cxx.o] Error 1
make[1]: Leaving directory '/home/sumanth/PROJECT/drone_navigation/catkin_ws/build/CMakeFiles/CMakeTmp'
Makefile:126: recipe for target 'cmTC_90737/fast' failed
make: *** [cmTC_90737/fast] Error 2

File /home/sumanth/PROJECT/drone_navigation/catkin_ws/build/CMakeFiles/CMakeTmp/CheckSymbolExists.cxx:
/* */
#include <QtCore/qglobal.h>

int main(int argc, char** argv)
{
  (void)argv;
#ifndef Q_WS_QWS
  return ((int*)(&Q_WS_QWS))[argc];
#else
  (void)argc;
  return 0;
#endif
}

Determining if the Q_WS_MAC exist failed with the following output:
Change Dir: /home/sumanth/PROJECT/drone_navigation/catkin_ws/build/CMakeFiles/CMakeTmp

Run Build Command:"/usr/bin/make" "cmTC_40106/fast"
/usr/bin/make -f CMakeFiles/cmTC_40106.dir/build.make CMakeFiles/cmTC_40106.dir/build
make[1]: Entering directory '/home/sumanth/PROJECT/drone_navigation/catkin_ws/build/CMakeFiles/CMakeTmp'
Building CXX object CMakeFiles/cmTC_40106.dir/CheckSymbolExists.cxx.o
/usr/bin/c++    -I/usr/include/qt4   -o CMakeFiles/cmTC_40106.dir/CheckSymbolExists.cxx.o -c /home/sumanth/PROJECT/drone_navigation/catkin_ws/build/CMakeFiles/CMakeTmp/CheckSymbolExists.cxx
/home/sumanth/PROJECT/drone_navigation/catkin_ws/build/CMakeFiles/CMakeTmp/CheckSymbolExists.cxx: In function ‘int main(int, char**)’:
/home/sumanth/PROJECT/drone_navigation/catkin_ws/build/CMakeFiles/CMakeTmp/CheckSymbolExists.cxx:8:19: error: ‘Q_WS_MAC’ was not declared in this scope
   return ((int*)(&Q_WS_MAC))[argc];
                   ^
CMakeFiles/cmTC_40106.dir/build.make:65: recipe for target 'CMakeFiles/cmTC_40106.dir/CheckSymbolExists.cxx.o' failed
make[1]: *** [CMakeFiles/cmTC_40106.dir/CheckSymbolExists.cxx.o] Error 1
make[1]: Leaving directory '/home/sumanth/PROJECT/drone_navigation/catkin_ws/build/CMakeFiles/CMakeTmp'
Makefile:126: recipe for target 'cmTC_40106/fast' failed
make: *** [cmTC_40106/fast] Error 2

File /home/sumanth/PROJECT/drone_navigation/catkin_ws/build/CMakeFiles/CMakeTmp/CheckSymbolExists.cxx:
/* */
#include <QtCore/qglobal.h>

int main(int argc, char** argv)
{
  (void)argv;
#ifndef Q_WS_MAC
  return ((int*)(&Q_WS_MAC))[argc];
#else
  (void)argc;
  return 0;
#endif
}

